2024-07-24 16:09:02 - Displayed active ports and services
2024-07-24 16:10:14 - Displayed details for port 80
2024-07-24 16:11:04 - Displayed active ports and services
2024-07-24 16:11:08 - Displayed details for port 80
2024-07-24 16:16:49 - Displayed active ports and services
2024-07-24 16:16:56 - Displayed details for port 80
2024-07-24 16:19:01 - Displayed active ports and services
2024-07-24 16:23:00 - Displayed active ports and services
2024-07-24 16:23:00 - Displayed help
2024-07-24 16:23:17 - Displayed details for port 80
2024-07-24 16:23:17 - Displayed help
2024-07-24 16:23:37 - Listed Docker images and containers
2024-07-24 16:23:37 - Displayed help
2024-07-24 16:24:59 - Displayed details for Docker container container
2024-07-24 16:24:59 - Displayed help
2024-07-25 00:13:32 - Displayed help
2024-07-25 00:24:05 - Displayed activities within the last 1h
2024-07-25 00:24:05 - Displayed help
2024-07-25 00:25:36 - Displayed activities within the last 1h
2024-07-25 00:25:36 - Displayed help
2024-07-25 00:26:29 - Displayed activities within the last 1h
2024-07-25 00:26:29 - Displayed help
2024-07-25 00:33:36 - Displayed help
2024-07-25 00:34:20 - Displayed active ports and services
2024-07-25 00:34:20 - Displayed help
2024-07-25 00:34:30 - Listed Docker images and containers
2024-07-25 00:34:30 - Displayed help
2024-07-25 00:34:38 - Listed Nginx domains and ports
2024-07-25 00:34:38 - Displayed help
2024-07-25 00:34:50 - Listed users and their last login times
2024-07-25 00:34:50 - Displayed help
2024-07-25 00:35:05 - Displayed activities within the last 1h
2024-07-25 00:35:05 - Displayed help
2024-07-25 00:35:17 - Displayed help
2024-07-25 00:37:07 - Displayed activities within the last 1h
2024-07-25 00:37:07 - Displayed help
